android/app/build/intermediates/manifest_merge_blame_file/release/manifest-merger-blame-release-report.txt
1<?xml version="1.0" encoding="utf-8"?>
2<manifest xmlns:android="http://schemas.android.com/apk/res/android"
3    package="com.faceOff"
4    android:versionCode="14"
5    android:versionName="0.0.3" >
6
7    <uses-sdk
8        android:minSdkVersion="21"
8-->src/main/AndroidManifest.xml
9        android:targetSdkVersion="33" />
9-->src/main/AndroidManifest.xml
10
11    <uses-permission android:name="android.permission.INTERNET" />
11-->src/main/AndroidManifest.xml:3:5-67
11-->src/main/AndroidManifest.xml:3:22-64
12    <uses-permission android:name="android.permission.RECORD_AUDIO" />
12-->src/main/AndroidManifest.xml:4:5-71
12-->src/main/AndroidManifest.xml:4:22-68
13    <uses-permission android:name="android.permission.WAKE_LOCK" />
13-->[:react-native-firebase_messaging] AndroidManifest.xml:8:5-68
13-->[:react-native-firebase_messaging] AndroidManifest.xml:8:22-65
14    <uses-permission android:name="android.permission.ACCESS_NETWORK_STATE" />
14-->[:react-native-firebase_messaging] AndroidManifest.xml:9:5-79
14-->[:react-native-firebase_messaging] AndroidManifest.xml:9:22-76
15    <uses-permission android:name="android.permission.CAMERA" />
15-->[:react-native-camera] AndroidManifest.xml:7:5-65
15-->[:react-native-camera] AndroidManifest.xml:7:22-62
16
17    <uses-feature
17-->[:react-native-camera] AndroidManifest.xml:9:5-11:36
18        android:name="android.hardware.camera"
18-->[:react-native-camera] AndroidManifest.xml:10:9-47
19        android:required="false" />
19-->[:react-native-camera] AndroidManifest.xml:11:9-33
20    <uses-feature
20-->[:react-native-camera] AndroidManifest.xml:12:5-14:36
21        android:name="android.hardware.camera.autofocus"
21-->[:react-native-camera] AndroidManifest.xml:13:9-57
22        android:required="false" />
22-->[:react-native-camera] AndroidManifest.xml:14:9-33
23
24    <uses-permission android:name="android.permission.WRITE_EXTERNAL_STORAGE" />
24-->[:react-native-create-thumbnail] AndroidManifest.xml:7:5-81
24-->[:react-native-create-thumbnail] AndroidManifest.xml:7:22-78
25    <uses-permission android:name="android.permission.READ_EXTERNAL_STORAGE" />
25-->[:react-native-create-thumbnail] AndroidManifest.xml:8:5-80
25-->[:react-native-create-thumbnail] AndroidManifest.xml:8:22-77
26
27    <queries>
27-->[:react-native-image-crop-picker] AndroidManifest.xml:7:5-11:15
28        <intent>
28-->[:react-native-image-crop-picker] AndroidManifest.xml:8:9-10:18
29            <action android:name="android.media.action.IMAGE_CAPTURE" />
29-->[:react-native-image-crop-picker] AndroidManifest.xml:9:13-73
29-->[:react-native-image-crop-picker] AndroidManifest.xml:9:21-70
30        </intent>
31    </queries> <!-- Required by older versions of Google Play services to create IID tokens -->
32    <uses-permission android:name="com.google.android.c2dm.permission.RECEIVE" />
32-->[com.google.android.gms:play-services-iid:17.0.0] AndroidManifest.xml:23:5-82
32-->[com.google.android.gms:play-services-iid:17.0.0] AndroidManifest.xml:23:22-79
33    <uses-permission android:name="android.permission.POST_NOTIFICATIONS" />
33-->[com.google.firebase:firebase-messaging:23.0.8] AndroidManifest.xml:26:5-77
33-->[com.google.firebase:firebase-messaging:23.0.8] AndroidManifest.xml:26:22-74
34    <uses-permission android:name="android.permission.RECEIVE_BOOT_COMPLETED" />
34-->[androidx.work:work-runtime:2.8.0] AndroidManifest.xml:25:5-81
34-->[androidx.work:work-runtime:2.8.0] AndroidManifest.xml:25:22-78
35    <uses-permission android:name="android.permission.FOREGROUND_SERVICE" />
35-->[androidx.work:work-runtime:2.8.0] AndroidManifest.xml:26:5-77
35-->[androidx.work:work-runtime:2.8.0] AndroidManifest.xml:26:22-74
36    <uses-permission android:name="android.permission.VIBRATE" />
36-->[app.notifee:core:202108261754] AndroidManifest.xml:13:5-66
36-->[app.notifee:core:202108261754] AndroidManifest.xml:13:22-63
37    <uses-permission android:name="android.permission.USE_FULL_SCREEN_INTENT" />
37-->[app.notifee:core:202108261754] AndroidManifest.xml:16:5-81
37-->[app.notifee:core:202108261754] AndroidManifest.xml:16:22-78
38    <uses-permission android:name="android.permission.SCHEDULE_EXACT_ALARM" />
38-->[app.notifee:core:202108261754] AndroidManifest.xml:17:5-79
38-->[app.notifee:core:202108261754] AndroidManifest.xml:17:22-76
39    <uses-permission
39-->[app.notifee:core:202108261754] AndroidManifest.xml:18:5-20:38
40        android:name="android.permission.BROADCAST_CLOSE_SYSTEM_DIALOGS"
40-->[app.notifee:core:202108261754] AndroidManifest.xml:19:9-73
41        android:maxSdkVersion="30" /> <!-- For Xiaomi devices to enable heads-up notifications as default (https://github.com/invertase/notifee/issues/296) -->
41-->[app.notifee:core:202108261754] AndroidManifest.xml:20:9-35
42    <uses-permission
42-->[app.notifee:core:202108261754] AndroidManifest.xml:22:5-24:38
43        android:name="android.permission.ACCESS_NOTIFICATION_POLICY"
43-->[app.notifee:core:202108261754] AndroidManifest.xml:23:9-69
44        android:minSdkVersion="23" />
44-->[app.notifee:core:202108261754] AndroidManifest.xml:24:9-35
45    <uses-permission android:name="com.google.android.finsky.permission.BIND_GET_INSTALL_REFERRER_SERVICE" /> <!-- for android -->
45-->[com.android.installreferrer:installreferrer:1.1.2] AndroidManifest.xml:9:5-110
45-->[com.android.installreferrer:installreferrer:1.1.2] AndroidManifest.xml:9:22-107
46    <!-- <uses-permission android:name="com.android.launcher.permission.READ_SETTINGS"/> -->
47    <!-- <uses-permission android:name="com.android.launcher.permission.WRITE_SETTINGS"/> -->
48    <!-- <uses-permission android:name="com.android.launcher.permission.INSTALL_SHORTCUT" /> -->
49    <!-- <uses-permission android:name="com.android.launcher.permission.UNINSTALL_SHORTCUT" /> -->
50    <!-- for Samsung -->
51    <uses-permission android:name="com.sec.android.provider.badge.permission.READ" />
51-->[me.leolin:ShortcutBadger:1.1.22] AndroidManifest.xml:19:5-86
51-->[me.leolin:ShortcutBadger:1.1.22] AndroidManifest.xml:19:22-83
52    <uses-permission android:name="com.sec.android.provider.badge.permission.WRITE" /> <!-- for htc -->
52-->[me.leolin:ShortcutBadger:1.1.22] AndroidManifest.xml:20:5-87
52-->[me.leolin:ShortcutBadger:1.1.22] AndroidManifest.xml:20:22-84
53    <uses-permission android:name="com.htc.launcher.permission.READ_SETTINGS" />
53-->[me.leolin:ShortcutBadger:1.1.22] AndroidManifest.xml:23:5-81
53-->[me.leolin:ShortcutBadger:1.1.22] AndroidManifest.xml:23:22-78
54    <uses-permission android:name="com.htc.launcher.permission.UPDATE_SHORTCUT" /> <!-- for sony -->
54-->[me.leolin:ShortcutBadger:1.1.22] AndroidManifest.xml:24:5-83
54-->[me.leolin:ShortcutBadger:1.1.22] AndroidManifest.xml:24:22-80
55    <uses-permission android:name="com.sonyericsson.home.permission.BROADCAST_BADGE" />
55-->[me.leolin:ShortcutBadger:1.1.22] AndroidManifest.xml:27:5-88
55-->[me.leolin:ShortcutBadger:1.1.22] AndroidManifest.xml:27:22-85
56    <uses-permission android:name="com.sonymobile.home.permission.PROVIDER_INSERT_BADGE" /> <!-- for apex -->
56-->[me.leolin:ShortcutBadger:1.1.22] AndroidManifest.xml:28:5-92
56-->[me.leolin:ShortcutBadger:1.1.22] AndroidManifest.xml:28:22-89
57    <uses-permission android:name="com.anddoes.launcher.permission.UPDATE_COUNT" /> <!-- for solid -->
57-->[me.leolin:ShortcutBadger:1.1.22] AndroidManifest.xml:31:5-84
57-->[me.leolin:ShortcutBadger:1.1.22] AndroidManifest.xml:31:22-81
58    <uses-permission android:name="com.majeur.launcher.permission.UPDATE_BADGE" /> <!-- for huawei -->
58-->[me.leolin:ShortcutBadger:1.1.22] AndroidManifest.xml:34:5-83
58-->[me.leolin:ShortcutBadger:1.1.22] AndroidManifest.xml:34:22-80
59    <uses-permission android:name="com.huawei.android.launcher.permission.CHANGE_BADGE" />
59-->[me.leolin:ShortcutBadger:1.1.22] AndroidManifest.xml:37:5-91
59-->[me.leolin:ShortcutBadger:1.1.22] AndroidManifest.xml:37:22-88
60    <uses-permission android:name="com.huawei.android.launcher.permission.READ_SETTINGS" />
60-->[me.leolin:ShortcutBadger:1.1.22] AndroidManifest.xml:38:5-92
60-->[me.leolin:ShortcutBadger:1.1.22] AndroidManifest.xml:38:22-89
61    <uses-permission android:name="com.huawei.android.launcher.permission.WRITE_SETTINGS" /> <!-- for ZUK -->
61-->[me.leolin:ShortcutBadger:1.1.22] AndroidManifest.xml:39:5-93
61-->[me.leolin:ShortcutBadger:1.1.22] AndroidManifest.xml:39:22-90
62    <uses-permission android:name="android.permission.READ_APP_BADGE" /> <!-- for OPPO -->
62-->[me.leolin:ShortcutBadger:1.1.22] AndroidManifest.xml:42:5-73
62-->[me.leolin:ShortcutBadger:1.1.22] AndroidManifest.xml:42:22-70
63    <uses-permission android:name="com.oppo.launcher.permission.READ_SETTINGS" />
63-->[me.leolin:ShortcutBadger:1.1.22] AndroidManifest.xml:45:5-82
63-->[me.leolin:ShortcutBadger:1.1.22] AndroidManifest.xml:45:22-79
64    <uses-permission android:name="com.oppo.launcher.permission.WRITE_SETTINGS" /> <!-- for EvMe -->
64-->[me.leolin:ShortcutBadger:1.1.22] AndroidManifest.xml:46:5-83
64-->[me.leolin:ShortcutBadger:1.1.22] AndroidManifest.xml:46:22-80
65    <uses-permission android:name="me.everything.badger.permission.BADGE_COUNT_READ" />
65-->[me.leolin:ShortcutBadger:1.1.22] AndroidManifest.xml:49:5-88
65-->[me.leolin:ShortcutBadger:1.1.22] AndroidManifest.xml:49:22-85
66    <uses-permission android:name="me.everything.badger.permission.BADGE_COUNT_WRITE" />
66-->[me.leolin:ShortcutBadger:1.1.22] AndroidManifest.xml:50:5-89
66-->[me.leolin:ShortcutBadger:1.1.22] AndroidManifest.xml:50:22-86
67
68    <application
68-->src/main/AndroidManifest.xml:6:5-32:19
69        android:name="com.faceOff.MainApplication"
69-->src/main/AndroidManifest.xml:7:7-38
70        android:allowBackup="false"
70-->src/main/AndroidManifest.xml:11:7-34
71        android:appComponentFactory="androidx.core.app.CoreComponentFactory"
71-->[androidx.core:core:1.7.0] AndroidManifest.xml:24:18-86
72        android:icon="@mipmap/ic_launcher"
72-->src/main/AndroidManifest.xml:9:7-41
73        android:label="@string/app_name"
73-->src/main/AndroidManifest.xml:8:7-39
74        android:networkSecurityConfig="@xml/network_security_config"
74-->src/main/AndroidManifest.xml:13:8-68
75        android:roundIcon="@mipmap/ic_launcher_round"
75-->src/main/AndroidManifest.xml:10:7-52
76        android:theme="@style/AppTheme" >
76-->src/main/AndroidManifest.xml:12:8-39
77
78        <!-- android:networkSecurityConfig="@xml/network_security_config" -->
79
80        <activity
80-->src/main/AndroidManifest.xml:19:7-31:18
81            android:name="com.faceOff.MainActivity"
81-->src/main/AndroidManifest.xml:20:9-37
82            android:configChanges="keyboard|keyboardHidden|orientation|screenLayout|screenSize|smallestScreenSize|uiMode"
82-->src/main/AndroidManifest.xml:22:9-118
83            android:exported="true"
83-->src/main/AndroidManifest.xml:26:9-32
84            android:label="@string/app_name"
84-->src/main/AndroidManifest.xml:21:9-41
85            android:launchMode="singleTask"
85-->src/main/AndroidManifest.xml:23:9-40
86            android:screenOrientation="portrait"
86-->src/main/AndroidManifest.xml:25:9-45
87            android:windowSoftInputMode="adjustResize" >
87-->src/main/AndroidManifest.xml:24:9-51
88            <intent-filter>
88-->src/main/AndroidManifest.xml:27:9-30:25
89                <action android:name="android.intent.action.MAIN" />
89-->src/main/AndroidManifest.xml:28:13-65
89-->src/main/AndroidManifest.xml:28:21-62
90
91                <category android:name="android.intent.category.LAUNCHER" />
91-->src/main/AndroidManifest.xml:29:13-73
91-->src/main/AndroidManifest.xml:29:23-70
92            </intent-filter>
93        </activity>
94
95        <provider
95-->[:notifee_react-native] AndroidManifest.xml:8:9-12:40
96            android:name="io.invertase.notifee.NotifeeInitProvider"
96-->[:notifee_react-native] AndroidManifest.xml:9:13-68
97            android:authorities="com.faceOff.notifee-init-provider"
97-->[:notifee_react-native] AndroidManifest.xml:10:13-73
98            android:exported="false"
98-->[:notifee_react-native] AndroidManifest.xml:11:13-37
99            android:initOrder="-100" />
99-->[:notifee_react-native] AndroidManifest.xml:12:13-37
100
101        <service
101-->[:react-native-firebase_messaging] AndroidManifest.xml:12:9-14:40
102            android:name="io.invertase.firebase.messaging.ReactNativeFirebaseMessagingHeadlessService"
102-->[:react-native-firebase_messaging] AndroidManifest.xml:13:13-103
103            android:exported="false" />
103-->[:react-native-firebase_messaging] AndroidManifest.xml:14:13-37
104        <service
104-->[:react-native-firebase_messaging] AndroidManifest.xml:15:9-21:19
105            android:name="io.invertase.firebase.messaging.ReactNativeFirebaseMessagingService"
105-->[:react-native-firebase_messaging] AndroidManifest.xml:16:13-95
106            android:exported="false" >
106-->[:react-native-firebase_messaging] AndroidManifest.xml:17:13-37
107            <intent-filter>
107-->[:react-native-firebase_messaging] AndroidManifest.xml:18:13-20:29
108                <action android:name="com.google.firebase.MESSAGING_EVENT" />
108-->[:react-native-firebase_messaging] AndroidManifest.xml:19:17-78
108-->[:react-native-firebase_messaging] AndroidManifest.xml:19:25-75
109            </intent-filter>
110        </service>
111
112        <receiver
112-->[:react-native-firebase_messaging] AndroidManifest.xml:23:9-30:20
113            android:name="io.invertase.firebase.messaging.ReactNativeFirebaseMessagingReceiver"
113-->[:react-native-firebase_messaging] AndroidManifest.xml:24:13-96
114            android:exported="true"
114-->[:react-native-firebase_messaging] AndroidManifest.xml:25:13-36
115            android:permission="com.google.android.c2dm.permission.SEND" >
115-->[:react-native-firebase_messaging] AndroidManifest.xml:26:13-73
116            <intent-filter>
116-->[:react-native-firebase_messaging] AndroidManifest.xml:27:13-29:29
117                <action android:name="com.google.android.c2dm.intent.RECEIVE" />
117-->[:react-native-firebase_messaging] AndroidManifest.xml:28:17-81
117-->[:react-native-firebase_messaging] AndroidManifest.xml:28:25-78
118            </intent-filter>
119        </receiver>
120
121        <meta-data
121-->[:react-native-firebase_messaging] AndroidManifest.xml:32:9-34:36
122            android:name="firebase_messaging_auto_init_enabled"
122-->[:react-native-firebase_messaging] AndroidManifest.xml:33:13-64
123            android:value="true" />
123-->[:react-native-firebase_messaging] AndroidManifest.xml:34:13-33
124        <meta-data
124-->[:react-native-firebase_messaging] AndroidManifest.xml:35:9-37:32
125            android:name="com.google.firebase.messaging.default_notification_channel_id"
125-->[:react-native-firebase_messaging] AndroidManifest.xml:36:13-89
126            android:value="" />
126-->[:react-native-firebase_messaging] AndroidManifest.xml:37:13-29
127        <meta-data
127-->[:react-native-firebase_messaging] AndroidManifest.xml:38:9-40:47
128            android:name="com.google.firebase.messaging.default_notification_color"
128-->[:react-native-firebase_messaging] AndroidManifest.xml:39:13-84
129            android:resource="@color/white" />
129-->[:react-native-firebase_messaging] AndroidManifest.xml:40:13-44
130        <meta-data
130-->[:react-native-firebase_app] AndroidManifest.xml:9:9-11:36
131            android:name="app_data_collection_default_enabled"
131-->[:react-native-firebase_app] AndroidManifest.xml:10:13-63
132            android:value="true" />
132-->[:react-native-firebase_app] AndroidManifest.xml:11:13-33
133
134        <service
134-->[:react-native-firebase_app] AndroidManifest.xml:13:9-21:19
135            android:name="com.google.firebase.components.ComponentDiscoveryService"
135-->[:react-native-firebase_app] AndroidManifest.xml:14:13-84
136            android:directBootAware="true"
136-->[:react-native-firebase_app] AndroidManifest.xml:15:13-43
137            android:exported="false" >
137-->[:react-native-firebase_app] AndroidManifest.xml:16:13-37
138            <meta-data
138-->[:react-native-firebase_app] AndroidManifest.xml:18:13-20:85
139                android:name="com.google.firebase.components:io.invertase.firebase.app.ReactNativeFirebaseAppRegistrar"
139-->[:react-native-firebase_app] AndroidManifest.xml:19:17-120
140                android:value="com.google.firebase.components.ComponentRegistrar" />
140-->[:react-native-firebase_app] AndroidManifest.xml:20:17-82
141            <meta-data
141-->[com.google.firebase:firebase-messaging:23.0.8] AndroidManifest.xml:56:13-58:85
142                android:name="com.google.firebase.components:com.google.firebase.messaging.FirebaseMessagingRegistrar"
142-->[com.google.firebase:firebase-messaging:23.0.8] AndroidManifest.xml:57:17-119
143                android:value="com.google.firebase.components.ComponentRegistrar" />
143-->[com.google.firebase:firebase-messaging:23.0.8] AndroidManifest.xml:58:17-82
144            <meta-data
144-->[com.google.firebase:firebase-datatransport:18.1.6] AndroidManifest.xml:28:13-30:85
145                android:name="com.google.firebase.components:com.google.firebase.datatransport.TransportRegistrar"
145-->[com.google.firebase:firebase-datatransport:18.1.6] AndroidManifest.xml:29:17-115
146                android:value="com.google.firebase.components.ComponentRegistrar" />
146-->[com.google.firebase:firebase-datatransport:18.1.6] AndroidManifest.xml:30:17-82
147            <meta-data
147-->[com.google.firebase:firebase-installations:17.0.3] AndroidManifest.xml:18:13-20:85
148                android:name="com.google.firebase.components:com.google.firebase.installations.FirebaseInstallationsRegistrar"
148-->[com.google.firebase:firebase-installations:17.0.3] AndroidManifest.xml:19:17-127
149                android:value="com.google.firebase.components.ComponentRegistrar" />
149-->[com.google.firebase:firebase-installations:17.0.3] AndroidManifest.xml:20:17-82
150        </service>
151
152        <provider
152-->[:react-native-firebase_app] AndroidManifest.xml:23:9-27:38
153            android:name="io.invertase.firebase.app.ReactNativeFirebaseAppInitProvider"
153-->[:react-native-firebase_app] AndroidManifest.xml:24:13-88
154            android:authorities="com.faceOff.reactnativefirebaseappinitprovider"
154-->[:react-native-firebase_app] AndroidManifest.xml:25:13-86
155            android:exported="false"
155-->[:react-native-firebase_app] AndroidManifest.xml:26:13-37
156            android:initOrder="99" />
156-->[:react-native-firebase_app] AndroidManifest.xml:27:13-35
157        <provider
157-->[:react-native-image-crop-picker] AndroidManifest.xml:16:9-24:20
158            android:name="com.reactnative.ivpusic.imagepicker.IvpusicImagePickerFileProvider"
158-->[:react-native-image-crop-picker] AndroidManifest.xml:17:13-94
159            android:authorities="com.faceOff.provider"
159-->[:react-native-image-crop-picker] AndroidManifest.xml:18:13-60
160            android:exported="false"
160-->[:react-native-image-crop-picker] AndroidManifest.xml:19:13-37
161            android:grantUriPermissions="true" >
161-->[:react-native-image-crop-picker] AndroidManifest.xml:20:13-47
162            <meta-data
162-->[:react-native-image-crop-picker] AndroidManifest.xml:21:13-23:78
163                android:name="android.support.FILE_PROVIDER_PATHS"
163-->[:react-native-image-crop-picker] AndroidManifest.xml:22:17-67
164                android:resource="@xml/ivpusic_imagepicker_provider_paths" />
164-->[:react-native-image-crop-picker] AndroidManifest.xml:23:17-75
165        </provider>
166
167        <activity
167-->[:react-native-image-crop-picker] AndroidManifest.xml:26:9-28:72
168            android:name="com.yalantis.ucrop.UCropActivity"
168-->[:react-native-image-crop-picker] AndroidManifest.xml:27:13-60
169            android:theme="@style/Theme.AppCompat.Light.NoActionBar" />
169-->[:react-native-image-crop-picker] AndroidManifest.xml:28:13-69
170
171        <provider
171-->[:react-native-image-picker] AndroidManifest.xml:8:9-16:20
172            android:name="com.imagepicker.ImagePickerProvider"
172-->[:react-native-image-picker] AndroidManifest.xml:9:13-63
173            android:authorities="com.faceOff.imagepickerprovider"
173-->[:react-native-image-picker] AndroidManifest.xml:10:13-71
174            android:exported="false"
174-->[:react-native-image-picker] AndroidManifest.xml:11:13-37
175            android:grantUriPermissions="true" >
175-->[:react-native-image-picker] AndroidManifest.xml:12:13-47
176            <meta-data
176-->[:react-native-image-crop-picker] AndroidManifest.xml:21:13-23:78
177                android:name="android.support.FILE_PROVIDER_PATHS"
177-->[:react-native-image-crop-picker] AndroidManifest.xml:22:17-67
178                android:resource="@xml/imagepicker_provider_paths" />
178-->[:react-native-image-crop-picker] AndroidManifest.xml:23:17-75
179        </provider>
180
181        <activity
181-->[com.google.android.gms:play-services-auth:20.3.0] AndroidManifest.xml:23:9-27:75
182            android:name="com.google.android.gms.auth.api.signin.internal.SignInHubActivity"
182-->[com.google.android.gms:play-services-auth:20.3.0] AndroidManifest.xml:24:13-93
183            android:excludeFromRecents="true"
183-->[com.google.android.gms:play-services-auth:20.3.0] AndroidManifest.xml:25:13-46
184            android:exported="false"
184-->[com.google.android.gms:play-services-auth:20.3.0] AndroidManifest.xml:26:13-37
185            android:theme="@android:style/Theme.Translucent.NoTitleBar" />
185-->[com.google.android.gms:play-services-auth:20.3.0] AndroidManifest.xml:27:13-72
186        <!--
187            Service handling Google Sign-In user revocation. For apps that do not integrate with
188            Google Sign-In, this service will never be started.
189        -->
190        <service
190-->[com.google.android.gms:play-services-auth:20.3.0] AndroidManifest.xml:33:9-37:51
191            android:name="com.google.android.gms.auth.api.signin.RevocationBoundService"
191-->[com.google.android.gms:play-services-auth:20.3.0] AndroidManifest.xml:34:13-89
192            android:exported="true"
192-->[com.google.android.gms:play-services-auth:20.3.0] AndroidManifest.xml:35:13-36
193            android:permission="com.google.android.gms.auth.api.signin.permission.REVOCATION_NOTIFICATION"
193-->[com.google.android.gms:play-services-auth:20.3.0] AndroidManifest.xml:36:13-107
194            android:visibleToInstantApps="true" />
194-->[com.google.android.gms:play-services-auth:20.3.0] AndroidManifest.xml:37:13-48
195
196        <meta-data
196-->[com.github.bumptech.glide:okhttp3-integration:4.12.0] AndroidManifest.xml:11:9-13:43
197            android:name="com.bumptech.glide.integration.okhttp3.OkHttpGlideModule"
197-->[com.github.bumptech.glide:okhttp3-integration:4.12.0] AndroidManifest.xml:12:13-84
198            android:value="GlideModule" />
198-->[com.github.bumptech.glide:okhttp3-integration:4.12.0] AndroidManifest.xml:13:13-40
199
200        <service
200-->[com.google.android.gms:play-services-mlkit-barcode-scanning:16.2.0] AndroidManifest.xml:9:9-15:19
201            android:name="com.google.mlkit.common.internal.MlKitComponentDiscoveryService"
201-->[com.google.android.gms:play-services-mlkit-barcode-scanning:16.2.0] AndroidManifest.xml:10:13-91
202            android:directBootAware="true"
202-->[com.google.mlkit:common:17.2.0] AndroidManifest.xml:17:13-43
203            android:exported="false" >
203-->[com.google.android.gms:play-services-mlkit-barcode-scanning:16.2.0] AndroidManifest.xml:11:13-37
204            <meta-data
204-->[com.google.android.gms:play-services-mlkit-barcode-scanning:16.2.0] AndroidManifest.xml:12:13-14:85
205                android:name="com.google.firebase.components:com.google.mlkit.vision.barcode.internal.BarcodeRegistrar"
205-->[com.google.android.gms:play-services-mlkit-barcode-scanning:16.2.0] AndroidManifest.xml:13:17-120
206                android:value="com.google.firebase.components.ComponentRegistrar" />
206-->[com.google.android.gms:play-services-mlkit-barcode-scanning:16.2.0] AndroidManifest.xml:14:17-82
207            <meta-data
207-->[com.google.android.gms:play-services-mlkit-face-detection:16.2.0] AndroidManifest.xml:12:13-14:85
208                android:name="com.google.firebase.components:com.google.mlkit.vision.face.internal.FaceRegistrar"
208-->[com.google.android.gms:play-services-mlkit-face-detection:16.2.0] AndroidManifest.xml:13:17-114
209                android:value="com.google.firebase.components.ComponentRegistrar" />
209-->[com.google.android.gms:play-services-mlkit-face-detection:16.2.0] AndroidManifest.xml:14:17-82
210            <meta-data
210-->[com.google.android.gms:play-services-mlkit-text-recognition:16.3.0] AndroidManifest.xml:12:13-14:85
211                android:name="com.google.firebase.components:com.google.mlkit.vision.text.internal.TextRegistrar"
211-->[com.google.android.gms:play-services-mlkit-text-recognition:16.3.0] AndroidManifest.xml:13:17-114
212                android:value="com.google.firebase.components.ComponentRegistrar" />
212-->[com.google.android.gms:play-services-mlkit-text-recognition:16.3.0] AndroidManifest.xml:14:17-82
213            <meta-data
213-->[com.google.mlkit:vision-common:16.5.0] AndroidManifest.xml:12:13-14:85
214                android:name="com.google.firebase.components:com.google.mlkit.vision.common.internal.VisionCommonRegistrar"
214-->[com.google.mlkit:vision-common:16.5.0] AndroidManifest.xml:13:17-124
215                android:value="com.google.firebase.components.ComponentRegistrar" />
215-->[com.google.mlkit:vision-common:16.5.0] AndroidManifest.xml:14:17-82
216            <meta-data
216-->[com.google.mlkit:common:17.2.0] AndroidManifest.xml:20:13-22:85
217                android:name="com.google.firebase.components:com.google.mlkit.common.internal.CommonComponentRegistrar"
217-->[com.google.mlkit:common:17.2.0] AndroidManifest.xml:21:17-120
218                android:value="com.google.firebase.components.ComponentRegistrar" />
218-->[com.google.mlkit:common:17.2.0] AndroidManifest.xml:22:17-82
219        </service>
220
221        <receiver
221-->[com.google.firebase:firebase-messaging:23.0.8] AndroidManifest.xml:32:9-39:20
222            android:name="com.google.firebase.iid.FirebaseInstanceIdReceiver"
222-->[com.google.firebase:firebase-messaging:23.0.8] AndroidManifest.xml:33:13-78
223            android:exported="true"
223-->[com.google.firebase:firebase-messaging:23.0.8] AndroidManifest.xml:34:13-36
224            android:permission="com.google.android.c2dm.permission.SEND" >
224-->[com.google.firebase:firebase-messaging:23.0.8] AndroidManifest.xml:35:13-73
225            <intent-filter>
225-->[:react-native-firebase_messaging] AndroidManifest.xml:27:13-29:29
226                <action android:name="com.google.android.c2dm.intent.RECEIVE" />
226-->[:react-native-firebase_messaging] AndroidManifest.xml:28:17-81
226-->[:react-native-firebase_messaging] AndroidManifest.xml:28:25-78
227            </intent-filter>
228        </receiver>
229        <!--
230             FirebaseMessagingService performs security checks at runtime,
231             but set to not exported to explicitly avoid allowing another app to call it.
232        -->
233        <service
233-->[com.google.firebase:firebase-messaging:23.0.8] AndroidManifest.xml:45:9-52:19
234            android:name="com.google.firebase.messaging.FirebaseMessagingService"
234-->[com.google.firebase:firebase-messaging:23.0.8] AndroidManifest.xml:46:13-82
235            android:directBootAware="true"
235-->[com.google.firebase:firebase-messaging:23.0.8] AndroidManifest.xml:47:13-43
236            android:exported="false" >
236-->[com.google.firebase:firebase-messaging:23.0.8] AndroidManifest.xml:48:13-37
237            <intent-filter android:priority="-500" >
237-->[:react-native-firebase_messaging] AndroidManifest.xml:18:13-20:29
238                <action android:name="com.google.firebase.MESSAGING_EVENT" />
238-->[:react-native-firebase_messaging] AndroidManifest.xml:19:17-78
238-->[:react-native-firebase_messaging] AndroidManifest.xml:19:25-75
239            </intent-filter>
240        </service>
241
242        <provider
242-->[com.google.firebase:firebase-common:20.1.2] AndroidManifest.xml:26:9-31:39
243            android:name="com.google.firebase.provider.FirebaseInitProvider"
243-->[com.google.firebase:firebase-common:20.1.2] AndroidManifest.xml:27:13-77
244            android:authorities="com.faceOff.firebaseinitprovider"
244-->[com.google.firebase:firebase-common:20.1.2] AndroidManifest.xml:28:13-72
245            android:directBootAware="true"
245-->[com.google.firebase:firebase-common:20.1.2] AndroidManifest.xml:29:13-43
246            android:exported="false"
246-->[com.google.firebase:firebase-common:20.1.2] AndroidManifest.xml:30:13-37
247            android:initOrder="100" />
247-->[com.google.firebase:firebase-common:20.1.2] AndroidManifest.xml:31:13-36
248        <provider
248-->[com.google.mlkit:common:17.2.0] AndroidManifest.xml:9:9-13:38
249            android:name="com.google.mlkit.common.internal.MlKitInitProvider"
249-->[com.google.mlkit:common:17.2.0] AndroidManifest.xml:10:13-78
250            android:authorities="com.faceOff.mlkitinitprovider"
250-->[com.google.mlkit:common:17.2.0] AndroidManifest.xml:11:13-69
251            android:exported="false"
251-->[com.google.mlkit:common:17.2.0] AndroidManifest.xml:12:13-37
252            android:initOrder="99" />
252-->[com.google.mlkit:common:17.2.0] AndroidManifest.xml:13:13-35
253
254        <activity
254-->[com.google.android.gms:play-services-base:18.0.1] AndroidManifest.xml:20:9-22:45
255            android:name="com.google.android.gms.common.api.GoogleApiActivity"